e:\jiayao\backend\jiayaocom\x64\debug\lmscom.pch
e:\jiayao\backend\jiayaocom\x64\debug\vc142.pdb
e:\jiayao\backend\jiayaocom\x64\debug\vc142.idb
e:\jiayao\backend\jiayaocom\x64\debug\pch.obj
e:\jiayao\backend\jiayaocom\x64\debug\dllmain.obj
e:\jiayao\backend\jiayaocom\x64\debug\pic.obj
e:\jiayao\backend\jiayaocom\x64\debug\lmscom.obj
e:\jiayao\backend\jiayaocom\x64\debug\lmscom_i.obj
e:\jiayao\backend\jiayaocom\x64\debug\lmscom.ilk
e:\jiayao\backend\jiayaocom\x64\debug\lmscom.dll
e:\jiayao\backend\jiayaocom\x64\debug\lmscom.pdb
e:\jiayao\backend\jiayaocom\x64\debug\lmscom.lib
e:\jiayao\backend\jiayaocom\x64\debug\lmscom.exp
e:\jiayao\backend\jiayaocom\x64\debug\lmscom.tlb
e:\jiayao\backend\jiayaocom\lmscom_p.c
e:\jiayao\backend\jiayaocom\lmscom_i.c
e:\jiayao\backend\jiayaocom\lmscom_i.h
e:\jiayao\backend\jiayaocom\x64\debug\lmscom.res
e:\jiayao\backend\jiayaocom\x64\debug\lmscom.tlog\cl.command.1.tlog
e:\jiayao\backend\jiayaocom\x64\debug\lmscom.tlog\cl.read.1.tlog
e:\jiayao\backend\jiayaocom\x64\debug\lmscom.tlog\cl.write.1.tlog
e:\jiayao\backend\jiayaocom\x64\debug\lmscom.tlog\link.command.1.tlog
e:\jiayao\backend\jiayaocom\x64\debug\lmscom.tlog\link.read.1.tlog
e:\jiayao\backend\jiayaocom\x64\debug\lmscom.tlog\link.write.1.tlog
e:\jiayao\backend\jiayaocom\x64\debug\lmscom.tlog\lmscom.write.1u.tlog
e:\jiayao\backend\jiayaocom\x64\debug\lmscom.tlog\midl.command.1.tlog
e:\jiayao\backend\jiayaocom\x64\debug\lmscom.tlog\midl.read.1.tlog
e:\jiayao\backend\jiayaocom\x64\debug\lmscom.tlog\midl.write.1.tlog
e:\jiayao\backend\jiayaocom\x64\debug\lmscom.tlog\rc.command.1.tlog
e:\jiayao\backend\jiayaocom\x64\debug\lmscom.tlog\rc.read.1.tlog
e:\jiayao\backend\jiayaocom\x64\debug\lmscom.tlog\rc.write.1.tlog
