d:\workspace-study\lmscom\x64\release\lmscom.pch
d:\workspace-study\lmscom\x64\release\vc142.pdb
d:\workspace-study\lmscom\x64\release\pch.obj
d:\workspace-study\lmscom\x64\release\dllmain.obj
d:\workspace-study\lmscom\x64\release\pic.obj
d:\workspace-study\lmscom\x64\release\lmscom.obj
d:\workspace-study\lmscom\x64\release\lmscom_i.obj
d:\workspace-study\librarymangementsystem\x64\release\lmscom.dll
d:\workspace-study\librarymangementsystem\x64\release\lmscom.pdb
d:\workspace-study\librarymangementsystem\x64\release\lmscom.lib
d:\workspace-study\librarymangementsystem\x64\release\lmscom.exp
d:\workspace-study\lmscom\x64\release\lmscom.tlb
d:\workspace-study\lmscom\lmscom_p.c
d:\workspace-study\lmscom\lmscom_i.c
d:\workspace-study\lmscom\lmscom_i.h
d:\workspace-study\lmscom\x64\release\lmscom.res
d:\workspace-study\lmscom\x64\release\lmscom.tlog\cl.command.1.tlog
d:\workspace-study\lmscom\x64\release\lmscom.tlog\cl.read.1.tlog
d:\workspace-study\lmscom\x64\release\lmscom.tlog\cl.write.1.tlog
d:\workspace-study\lmscom\x64\release\lmscom.tlog\link.command.1.tlog
d:\workspace-study\lmscom\x64\release\lmscom.tlog\link.read.1.tlog
d:\workspace-study\lmscom\x64\release\lmscom.tlog\link.write.1.tlog
d:\workspace-study\lmscom\x64\release\lmscom.tlog\lmscom.write.1u.tlog
d:\workspace-study\lmscom\x64\release\lmscom.tlog\midl.command.1.tlog
d:\workspace-study\lmscom\x64\release\lmscom.tlog\midl.read.1.tlog
d:\workspace-study\lmscom\x64\release\lmscom.tlog\midl.write.1.tlog
d:\workspace-study\lmscom\x64\release\lmscom.tlog\rc.command.1.tlog
d:\workspace-study\lmscom\x64\release\lmscom.tlog\rc.read.1.tlog
d:\workspace-study\lmscom\x64\release\lmscom.tlog\rc.write.1.tlog
